<?xml version="1.0" encoding="UTF-8"?>
<testsuites name="spec" tests="11" failures="0" errors="0" time="2.495">
  <testsuite name="src/client/client.repository.spec.ts" errors="0" failures="0" skipped="0" timestamp="2022-09-23T00:38:46" time="2.02" tests="3">
    <testcase classname="ClientRepository-should create instances" name="ClientRepository-should create instances" time="0.041">
    </testcase>
    <testcase classname="ClientRepository-should find one client" name="ClientRepository-should find one client" time="0.023">
    </testcase>
    <testcase classname="ClientRepository-should return undefined when client is not found" name="ClientRepository-should return undefined when client is not found" time="0.021">
    </testcase>
  </testsuite>
  <testsuite name="src/client/client.service.spec.ts" errors="0" failures="0" skipped="0" timestamp="2022-09-23T00:38:46" time="2.032" tests="4">
    <testcase classname="ClientService-should create instances" name="ClientService-should create instances" time="0.042">
    </testcase>
    <testcase classname="ClientService-should find one client" name="ClientService-should find one client" time="0.021">
    </testcase>
    <testcase classname="ClientService-should throw ObjectNotFoundError when client is not found" name="ClientService-should throw ObjectNotFoundError when client is not found" time="0.022">
    </testcase>
    <testcase classname="ClientService-should import many clients" name="ClientService-should import many clients" time="0.01">
    </testcase>
  </testsuite>
  <testsuite name="src/config/config.module.spec.ts" errors="0" failures="0" skipped="0" timestamp="2022-09-23T00:38:48" time="0.193" tests="2">
    <testcase classname="ConfigModule-should validate port" name="ConfigModule-should validate port" time="0.001">
    </testcase>
    <testcase classname="ConfigModule-should validate mongo uri" name="ConfigModule-should validate mongo uri" time="0">
    </testcase>
  </testsuite>
  <testsuite name="src/health/health.service.spec.ts" errors="0" failures="0" skipped="0" timestamp="2022-09-23T00:38:48" time="0.221" tests="2">
    <testcase classname="HealthService-should create instances" name="HealthService-should create instances" time="0.008">
    </testcase>
    <testcase classname="HealthService-should return health status" name="HealthService-should return health status" time="0.002">
    </testcase>
  </testsuite>
</testsuites>